<?xml version="1.0" encoding="UTF-8"?>
<!-- Generated by org.testng.reporters.JUnitXMLReporter -->
<testsuite hostname="DESKTOP-9D011CU" name="TestRunner-2" tests="2" failures="0" timestamp="8 Nov 2021 10:03:18 GMT" time="0.067" errors="0">
  <testcase name="@BeforeClass bcConfig" time="0.0" classname="com.crm.practice.CreateorganisationWithContact.CreateOrganisationWithContactPractice">
    <failure type="org.testng.TestNGException" message="
Parameter &amp;apos;Browser&amp;apos; is required by @Configuration on method bcConfig but has not been marked @Optional or defined
in E:\java_eclipse_\Selenium_Project\testngDistributedparallel.xml">
      <![CDATA[org.testng.TestNGException: 
Parameter 'Browser' is required by @Configuration on method bcConfig but has not been marked @Optional or defined
in E:\java_eclipse_\Selenium_Project\testngDistributedparallel.xml
	at java.util.concurrent.FutureTask.run(Unknown Source)
	at java.util.concurrent.ThreadPoolExecutor.runWorker(Unknown Source)
	at java.util.concurrent.ThreadPoolExecutor$Worker.run(Unknown Source)
	at java.lang.Thread.run(Unknown Source)
... Removed 13 stack frames]]>
    </failure>
  </testcase> <!-- @BeforeClass bcConfig -->
  <testcase name="@BeforeMethod bmConfig" time="0.0" classname="com.crm.practice.CreateorganisationWithContact.CreateOrganisationWithContactPractice">
    <skipped/>
  </testcase> <!-- @BeforeMethod bmConfig -->
  <testcase name="@AfterMethod AmConfig" time="0.0" classname="com.crm.practice.CreateorganisationWithContact.CreateOrganisationWithContactPractice">
    <skipped/>
  </testcase> <!-- @AfterMethod AmConfig -->
  <testcase name="@BeforeMethod bmConfig" time="0.0" classname="com.crm.practice.CreateorganisationWithContact.CreateOrganisationWithContactPractice">
    <skipped/>
  </testcase> <!-- @BeforeMethod bmConfig -->
  <testcase name="@AfterMethod AmConfig" time="0.0" classname="com.crm.practice.CreateorganisationWithContact.CreateOrganisationWithContactPractice">
    <skipped/>
  </testcase> <!-- @AfterMethod AmConfig -->
  <testcase name="@AfterClass AcConfig" time="0.0" classname="com.crm.practice.CreateorganisationWithContact.CreateOrganisationWithContactPractice">
    <skipped/>
  </testcase> <!-- @AfterClass AcConfig -->
  <testcase name="createContct" time="0.003" classname="com.crm.practice.CreateorganisationWithContact.CreateOrganisationWithContactPractice">
    <skipped/>
  </testcase> <!-- createContct -->
  <testcase name="createOrg" time="0.002" classname="com.crm.practice.CreateorganisationWithContact.CreateOrganisationWithContactPractice">
    <skipped/>
  </testcase> <!-- createOrg -->
</testsuite> <!-- TestRunner-2 -->
