<?xml version="1.0" encoding="UTF-8"?>
<!-- Generated by org.testng.reporters.JUnitReportReporter -->
<testsuite skipped="2" hostname="DESKTOP-9D011CU" name="com.crm.practice.Organization.CreateOrgNameWithIndustryTypeTest" tests="3" failures="0" timestamp="10 Nov 2021 07:10:03 GMT" time="0.004" errors="1">
  <testcase name="orgIndustryTyp" time="0.002" classname="com.crm.practice.Organization.CreateOrgNameWithIndustryTypeTest">
    <skipped/>
  </testcase> <!-- orgIndustryTyp -->
  <testcase name="createOrg" time="0.002" classname="com.crm.practice.Organization.CreateOrgNameWithIndustryTypeTest">
    <skipped/>
  </testcase> <!-- createOrg -->
  <testcase name="bcConfig" time="0.000" classname="com.crm.practice.Organization.CreateOrgNameWithIndustryTypeTest">
    <error type="org.testng.TestNGException" message="
Parameter &#039;Browser&#039; is required by @Configuration on method bcConfig but has not been marked @Optional or defined
in E:\java_eclipse_\Selenium_Project\testng.xml">
      <![CDATA[org.testng.TestNGException: 
Parameter 'Browser' is required by @Configuration on method bcConfig but has not been marked @Optional or defined
in E:\java_eclipse_\Selenium_Project\testng.xml
	at org.testng.internal.Parameters.createParameters(Parameters.java:156)
	at org.testng.internal.Parameters.createParameters(Parameters.java:370)
	at org.testng.internal.Parameters.createConfigurationParameters(Parameters.java:86)
	at org.testng.internal.Invoker.invokeConfigurations(Invoker.java:202)
	at org.testng.internal.Invoker.invokeConfigurations(Invoker.java:143)
	at org.testng.internal.TestMethodWorker.invokeBeforeClassMethods(TestMethodWorker.java:169)
	at org.testng.internal.TestMethodWorker.run(TestMethodWorker.java:108)
	at org.testng.TestRunner.privateRun(TestRunner.java:753)
	at org.testng.TestRunner.run(TestRunner.java:607)
	at org.testng.SuiteRunner.runTest(SuiteRunner.java:368)
	at org.testng.SuiteRunner.runSequentially(SuiteRunner.java:363)
	at org.testng.SuiteRunner.privateRun(SuiteRunner.java:321)
	at org.testng.SuiteRunner.run(SuiteRunner.java:270)
	at org.testng.SuiteRunnerWorker.runSuite(SuiteRunnerWorker.java:52)
	at org.testng.SuiteRunnerWorker.run(SuiteRunnerWorker.java:86)
	at org.testng.TestNG.runSuitesSequentially(TestNG.java:1284)
	at org.testng.TestNG.runSuitesLocally(TestNG.java:1209)
	at org.testng.TestNG.runSuites(TestNG.java:1124)
	at org.testng.TestNG.run(TestNG.java:1096)
	at org.testng.remote.AbstractRemoteTestNG.run(AbstractRemoteTestNG.java:132)
	at org.testng.remote.RemoteTestNG.initAndRun(RemoteTestNG.java:236)
	at org.testng.remote.RemoteTestNG.main(RemoteTestNG.java:81)
]]>
    </error>
  </testcase> <!-- bcConfig -->
</testsuite> <!-- com.crm.practice.Organization.CreateOrgNameWithIndustryTypeTest -->
