<?xml version="1.0" encoding="UTF-8"?>
<!-- Generated by org.testng.reporters.JUnitReportReporter -->
<testsuite skipped="2" hostname="DESKTOP-9D011CU" name="com.crm.practice.CreateorganisationWithContact.CreateOrganisationWithContactPractice" tests="3" failures="0" timestamp="8 Nov 2021 10:03:18 GMT" time="0.005" errors="1">
  <testcase name="createContct" time="0.003" classname="com.crm.practice.CreateorganisationWithContact.CreateOrganisationWithContactPractice">
    <skipped/>
  </testcase> <!-- createContct -->
  <testcase name="createOrg" time="0.002" classname="com.crm.practice.CreateorganisationWithContact.CreateOrganisationWithContactPractice">
    <skipped/>
  </testcase> <!-- createOrg -->
  <testcase name="bcConfig" time="0.000" classname="com.crm.practice.CreateorganisationWithContact.CreateOrganisationWithContactPractice">
    <error type="org.testng.TestNGException" message="
Parameter &#039;Browser&#039; is required by @Configuration on method bcConfig but has not been marked @Optional or defined
in E:\java_eclipse_\Selenium_Project\testngDistributedparallel.xml">
      <![CDATA[org.testng.TestNGException: 
Parameter 'Browser' is required by @Configuration on method bcConfig but has not been marked @Optional or defined
in E:\java_eclipse_\Selenium_Project\testngDistributedparallel.xml
	at org.testng.internal.Parameters.createParameters(Parameters.java:156)
	at org.testng.internal.Parameters.createParameters(Parameters.java:370)
	at org.testng.internal.Parameters.createConfigurationParameters(Parameters.java:86)
	at org.testng.internal.Invoker.invokeConfigurations(Invoker.java:202)
	at org.testng.internal.Invoker.invokeConfigurations(Invoker.java:143)
	at org.testng.internal.TestMethodWorker.invokeBeforeClassMethods(TestMethodWorker.java:169)
	at org.testng.internal.TestMethodWorker.run(TestMethodWorker.java:108)
	at org.testng.TestRunner.privateRun(TestRunner.java:753)
	at org.testng.TestRunner.run(TestRunner.java:607)
	at org.testng.SuiteRunner.runTest(SuiteRunner.java:368)
	at org.testng.SuiteRunner.access$000(SuiteRunner.java:39)
	at org.testng.SuiteRunner$SuiteWorker.run(SuiteRunner.java:402)
	at org.testng.internal.thread.ThreadUtil$2.call(ThreadUtil.java:64)
	at java.util.concurrent.FutureTask.run(Unknown Source)
	at java.util.concurrent.ThreadPoolExecutor.runWorker(Unknown Source)
	at java.util.concurrent.ThreadPoolExecutor$Worker.run(Unknown Source)
	at java.lang.Thread.run(Unknown Source)
]]>
    </error>
  </testcase> <!-- bcConfig -->
</testsuite> <!-- com.crm.practice.CreateorganisationWithContact.CreateOrganisationWithContactPractice -->
